#! /home/mathieu/embedded_system_design/oss-cad-suite/bin/vvp
:ivl_version "13.0 (devel)" "(s20221226-518-g94d9d1951)";
:ivl_delay_selection "TYPICAL";
:vpi_time_precision + 0;
:vpi_module "/home/mathieu/embedded_system_design/oss-cad-suite/lib/ivl/system.vpi";
:vpi_module "/home/mathieu/embedded_system_design/oss-cad-suite/lib/ivl/vhdl_sys.vpi";
:vpi_module "/home/mathieu/embedded_system_design/oss-cad-suite/lib/ivl/vhdl_textio.vpi";
:vpi_module "/home/mathieu/embedded_system_design/oss-cad-suite/lib/ivl/v2005_math.vpi";
:vpi_module "/home/mathieu/embedded_system_design/oss-cad-suite/lib/ivl/va_math.vpi";
S_0x555555fc4bc0 .scope module, "rgb565GrayscaleIse" "rgb565GrayscaleIse" 2 1;
 .timescale 0 0;
    .port_info 0 /INPUT 1 "start";
    .port_info 1 /INPUT 32 "valueA";
    .port_info 2 /INPUT 32 "valueB";
    .port_info 3 /INPUT 8 "ciN";
    .port_info 4 /OUTPUT 1 "done";
    .port_info 5 /OUTPUT 32 "result";
P_0x555555f92cf0 .param/l "customInstructionId" 0 2 2, C4<00000000>;
L_0x555555ff7510 .functor BUFZ 1, L_0x555555ff8380, C4<0>, C4<0>, C4<0>;
L_0x555556008de0 .functor AND 16, L_0x555556008620, L_0x555556008ca0, C4<1111111111111111>, C4<1111111111111111>;
L_0x5555560091c0 .functor AND 16, L_0x555556009080, L_0x555556008870, C4<1111111111111111>, C4<1111111111111111>;
L_0x555556009280 .functor NOT 16, L_0x5555560091c0, C4<0000000000000000>, C4<0000000000000000>, C4<0000000000000000>;
L_0x555556009370 .functor AND 16, L_0x555556008de0, L_0x555556009280, C4<1111111111111111>, C4<1111111111111111>;
L_0x555556009480 .functor NOT 16, L_0x555556008de0, C4<0000000000000000>, C4<0000000000000000>, C4<0000000000000000>;
L_0x555556009530 .functor AND 16, L_0x5555560091c0, L_0x555556009480, C4<1111111111111111>, C4<1111111111111111>;
L_0x5555560095f0 .functor AND 16, L_0x555556008620, L_0x5555560089e0, C4<1111111111111111>, C4<1111111111111111>;
L_0x555556009700 .functor AND 16, L_0x555556008780, L_0x555556008870, C4<1111111111111111>, C4<1111111111111111>;
L_0x5555560097c0 .functor NOT 16, L_0x555556009700, C4<0000000000000000>, C4<0000000000000000>, C4<0000000000000000>;
L_0x555556009890 .functor AND 16, L_0x5555560095f0, L_0x5555560097c0, C4<1111111111111111>, C4<1111111111111111>;
L_0x555556009950 .functor NOT 16, L_0x5555560095f0, C4<0000000000000000>, C4<0000000000000000>, C4<0000000000000000>;
L_0x555556009a30 .functor AND 16, L_0x555556009700, L_0x555556009950, C4<1111111111111111>, C4<1111111111111111>;
v0x555555ff47f0_0 .net *"_ivl_100", 15 0, L_0x5555560097c0;  1 drivers
v0x555555ff48f0_0 .net *"_ivl_104", 15 0, L_0x555556009950;  1 drivers
L_0x7ac0ed386018 .functor BUFT 1, C4<00000000>, C4<0>, C4<0>, C4<0>;
v0x555555ff49d0_0 .net/2u *"_ivl_50", 7 0, L_0x7ac0ed386018;  1 drivers
v0x555555ff4a90_0 .net *"_ivl_52", 0 0, L_0x555555ff8290;  1 drivers
L_0x7ac0ed386060 .functor BUFT 1, C4<0>, C4<0>, C4<0>, C4<0>;
v0x555555ff4b50_0 .net/2u *"_ivl_54", 0 0, L_0x7ac0ed386060;  1 drivers
L_0x7ac0ed3860a8 .functor BUFT 1, C4<00000000000000000000000000000000>, C4<0>, C4<0>, C4<0>;
v0x555555ff4c80_0 .net/2u *"_ivl_60", 31 0, L_0x7ac0ed3860a8;  1 drivers
v0x555555ff4d60_0 .net *"_ivl_72", 15 0, L_0x555556008ca0;  1 drivers
v0x555555ff4e40_0 .net *"_ivl_74", 13 0, L_0x555556008ad0;  1 drivers
L_0x7ac0ed3860f0 .functor BUFT 1, C4<00>, C4<0>, C4<0>, C4<0>;
v0x555555ff4f20_0 .net *"_ivl_76", 1 0, L_0x7ac0ed3860f0;  1 drivers
v0x555555ff5090_0 .net *"_ivl_80", 15 0, L_0x555556009080;  1 drivers
v0x555555ff5170_0 .net *"_ivl_82", 13 0, L_0x555556008ea0;  1 drivers
L_0x7ac0ed386138 .functor BUFT 1, C4<00>, C4<0>, C4<0>, C4<0>;
v0x555555ff5250_0 .net *"_ivl_84", 1 0, L_0x7ac0ed386138;  1 drivers
v0x555555ff5330_0 .net *"_ivl_88", 15 0, L_0x555556009280;  1 drivers
v0x555555ff5410_0 .net *"_ivl_92", 15 0, L_0x555556009480;  1 drivers
o0x7ac0ed3cf5b8 .functor BUFZ 8, c4<zzzzzzzz>; HiZ drive
v0x555555ff54f0_0 .net "ciN", 7 0, o0x7ac0ed3cf5b8;  0 drivers
v0x555555ff55d0_0 .net "done", 0 0, L_0x555555ff7510;  1 drivers
v0x555555ff5690_0 .net "down", 15 0, L_0x555556009a30;  1 drivers
v0x555555ff5880_0 .net "down_and", 15 0, L_0x555556009700;  1 drivers
v0x555555ff5960_0 .net "is_active", 0 0, L_0x555555ff8380;  1 drivers
v0x555555ff5a20_0 .net "left", 15 0, L_0x555556009370;  1 drivers
v0x555555ff5b00_0 .net "left_and", 15 0, L_0x555556008de0;  1 drivers
L_0x7ac0ed386180 .functor BUFT 1, C4<00000000000000000000000000000000>, C4<0>, C4<0>, C4<0>;
v0x555555ff5be0_0 .net "optic_flow_values", 31 0, L_0x7ac0ed386180;  1 drivers
v0x555555ff5cc0_0 .net "prev_row_down", 15 0, L_0x5555560089e0;  1 drivers
v0x555555ff5da0_0 .net "prev_row_up", 15 0, L_0x555556008870;  1 drivers
v0x555555ff5e80_0 .net "result", 31 0, L_0x555555ff81f0;  1 drivers
v0x555555ff5f60_0 .net "right", 15 0, L_0x555556009530;  1 drivers
v0x555555ff6040_0 .net "right_and", 15 0, L_0x5555560091c0;  1 drivers
v0x555555ff6120_0 .net "row_down", 15 0, L_0x555556008780;  1 drivers
v0x555555ff6200_0 .net "row_up", 15 0, L_0x555556008620;  1 drivers
v0x555555ff62e0_0 .net "row_up_x", 7 0, L_0x555555ff77a0;  1 drivers
v0x555555ff63c0_0 .net "row_up_y", 7 0, L_0x555555ff7bd0;  1 drivers
o0x7ac0ed3cf8e8 .functor BUFZ 1, c4<z>; HiZ drive
v0x555555ff64a0_0 .net "start", 0 0, o0x7ac0ed3cf8e8;  0 drivers
v0x555555ff6560_0 .net "up", 15 0, L_0x555556009890;  1 drivers
v0x555555ff6850_0 .net "up_and", 15 0, L_0x5555560095f0;  1 drivers
o0x7ac0ed3cf978 .functor BUFZ 32, c4<zzzzzzzzzzzzzzzzzzzzzzzzzzzzzzzz>; HiZ drive
v0x555555ff6930_0 .net "valueA", 31 0, o0x7ac0ed3cf978;  0 drivers
o0x7ac0ed3cf9a8 .functor BUFZ 32, c4<zzzzzzzzzzzzzzzzzzzzzzzzzzzzzzzz>; HiZ drive
v0x555555ff6a10_0 .net "valueB", 31 0, o0x7ac0ed3cf9a8;  0 drivers
L_0x555555ff6bb0 .part L_0x555556008620, 0, 1;
L_0x555555ff6c50 .part L_0x555556008620, 1, 1;
L_0x555555ff6cf0 .part L_0x555556008620, 2, 1;
L_0x555555ff6d90 .part L_0x555556008620, 3, 1;
L_0x555555ff6e60 .part L_0x555556008620, 4, 1;
L_0x555555ff6f00 .part L_0x555556008620, 5, 1;
L_0x555555ff6fe0 .part L_0x555556008620, 6, 1;
L_0x555555ff7080 .part L_0x555556008620, 7, 1;
L_0x555555ff7170 .part L_0x555556008620, 8, 1;
L_0x555555ff7240 .part L_0x555556008620, 9, 1;
L_0x555555ff7370 .part L_0x555556008620, 10, 1;
L_0x555555ff7440 .part L_0x555556008620, 11, 1;
L_0x555555ff7580 .part L_0x555556008620, 12, 1;
L_0x555555ff7650 .part L_0x555556008620, 13, 1;
LS_0x555555ff77a0_0_0 .concat8 [ 1 1 1 1], L_0x555555ff6bb0, L_0x555555ff6cf0, L_0x555555ff6e60, L_0x555555ff6fe0;
LS_0x555555ff77a0_0_4 .concat8 [ 1 1 1 1], L_0x555555ff7170, L_0x555555ff7370, L_0x555555ff7580, L_0x555555ff7a50;
L_0x555555ff77a0 .concat8 [ 4 4 0 0], LS_0x555555ff77a0_0_0, LS_0x555555ff77a0_0_4;
L_0x555555ff7a50 .part L_0x555556008620, 14, 1;
LS_0x555555ff7bd0_0_0 .concat8 [ 1 1 1 1], L_0x555555ff6c50, L_0x555555ff6d90, L_0x555555ff6f00, L_0x555555ff7080;
LS_0x555555ff7bd0_0_4 .concat8 [ 1 1 1 1], L_0x555555ff7240, L_0x555555ff7440, L_0x555555ff7650, L_0x555555ff7ef0;
L_0x555555ff7bd0 .concat8 [ 4 4 0 0], LS_0x555555ff7bd0_0_0, LS_0x555555ff7bd0_0_4;
L_0x555555ff7ef0 .part L_0x555556008620, 15, 1;
L_0x555555ff8290 .cmp/eq 8, o0x7ac0ed3cf5b8, L_0x7ac0ed386018;
L_0x555555ff8380 .functor MUXZ 1, L_0x7ac0ed386060, o0x7ac0ed3cf8e8, L_0x555555ff8290, C4<>;
L_0x555555ff81f0 .functor MUXZ 32, L_0x7ac0ed3860a8, L_0x7ac0ed386180, L_0x555555ff8380, C4<>;
L_0x555556008620 .part o0x7ac0ed3cf978, 16, 16;
L_0x555556008780 .part o0x7ac0ed3cf978, 0, 16;
L_0x555556008870 .part o0x7ac0ed3cf9a8, 16, 16;
L_0x5555560089e0 .part o0x7ac0ed3cf9a8, 0, 16;
L_0x555556008ad0 .part L_0x555556008870, 2, 14;
L_0x555556008ca0 .concat [ 14 2 0 0], L_0x555556008ad0, L_0x7ac0ed3860f0;
L_0x555556008ea0 .part L_0x555556008620, 2, 14;
L_0x555556009080 .concat [ 14 2 0 0], L_0x555556008ea0, L_0x7ac0ed386138;
S_0x555555fbc480 .scope generate, "genblk1[0]" "genblk1[0]" 2 37, 2 37 0, S_0x555555fc4bc0;
 .timescale 0 0;
P_0x555555fc3900 .param/l "i" 1 2 37, +C4<00>;
v0x555555fc4fe0_0 .net *"_ivl_0", 0 0, L_0x555555ff6bb0;  1 drivers
v0x555555ff2680_0 .net *"_ivl_1", 0 0, L_0x555555ff6c50;  1 drivers
S_0x555555ff2760 .scope generate, "genblk1[1]" "genblk1[1]" 2 37, 2 37 0, S_0x555555fc4bc0;
 .timescale 0 0;
P_0x555555ff2980 .param/l "i" 1 2 37, +C4<01>;
v0x555555ff2a40_0 .net *"_ivl_0", 0 0, L_0x555555ff6cf0;  1 drivers
v0x555555ff2b20_0 .net *"_ivl_1", 0 0, L_0x555555ff6d90;  1 drivers
S_0x555555ff2c00 .scope generate, "genblk1[2]" "genblk1[2]" 2 37, 2 37 0, S_0x555555fc4bc0;
 .timescale 0 0;
P_0x555555ff2e00 .param/l "i" 1 2 37, +C4<010>;
v0x555555ff2ec0_0 .net *"_ivl_0", 0 0, L_0x555555ff6e60;  1 drivers
v0x555555ff2fa0_0 .net *"_ivl_1", 0 0, L_0x555555ff6f00;  1 drivers
S_0x555555ff3080 .scope generate, "genblk1[3]" "genblk1[3]" 2 37, 2 37 0, S_0x555555fc4bc0;
 .timescale 0 0;
P_0x555555ff3280 .param/l "i" 1 2 37, +C4<011>;
v0x555555ff3360_0 .net *"_ivl_0", 0 0, L_0x555555ff6fe0;  1 drivers
v0x555555ff3440_0 .net *"_ivl_1", 0 0, L_0x555555ff7080;  1 drivers
S_0x555555ff3520 .scope generate, "genblk1[4]" "genblk1[4]" 2 37, 2 37 0, S_0x555555fc4bc0;
 .timescale 0 0;
P_0x555555ff3770 .param/l "i" 1 2 37, +C4<0100>;
v0x555555ff3850_0 .net *"_ivl_0", 0 0, L_0x555555ff7170;  1 drivers
v0x555555ff3930_0 .net *"_ivl_1", 0 0, L_0x555555ff7240;  1 drivers
S_0x555555ff3a10 .scope generate, "genblk1[5]" "genblk1[5]" 2 37, 2 37 0, S_0x555555fc4bc0;
 .timescale 0 0;
P_0x555555ff3c10 .param/l "i" 1 2 37, +C4<0101>;
v0x555555ff3cf0_0 .net *"_ivl_0", 0 0, L_0x555555ff7370;  1 drivers
v0x555555ff3dd0_0 .net *"_ivl_1", 0 0, L_0x555555ff7440;  1 drivers
S_0x555555ff3eb0 .scope generate, "genblk1[6]" "genblk1[6]" 2 37, 2 37 0, S_0x555555fc4bc0;
 .timescale 0 0;
P_0x555555ff40b0 .param/l "i" 1 2 37, +C4<0110>;
v0x555555ff4190_0 .net *"_ivl_0", 0 0, L_0x555555ff7580;  1 drivers
v0x555555ff4270_0 .net *"_ivl_1", 0 0, L_0x555555ff7650;  1 drivers
S_0x555555ff4350 .scope generate, "genblk1[7]" "genblk1[7]" 2 37, 2 37 0, S_0x555555fc4bc0;
 .timescale 0 0;
P_0x555555ff4550 .param/l "i" 1 2 37, +C4<0111>;
v0x555555ff4630_0 .net *"_ivl_0", 0 0, L_0x555555ff7a50;  1 drivers
v0x555555ff4710_0 .net *"_ivl_1", 0 0, L_0x555555ff7ef0;  1 drivers
# The file index is used to find the file name in the following table.
:file_names 3;
    "N/A";
    "<interactive>";
    "optic_flow_ci.v";
